<?xml version="1.0" encoding="UTF-8"?>
<!-- Generated by org.testng.reporters.JUnitXMLReporter -->
<testsuite ignored="0" hostname="RKVIYYAPU" failures="1" tests="6" name="Surefire test" time="63.483" errors="0" timestamp="2024-12-09T12:00:00 IST">
  <testcase classname="selenium.SeleniumFrameworkDesign.ErrorValidationsTest" name="LoginErrorValidation" time="0.944">
    <skipped/>
  </testcase> <!-- LoginErrorValidation -->
  <testcase classname="selenium.SeleniumFrameworkDesign.ErrorValidationsTest" name="LoginErrorValidation" time="0.917">
    <failure type="java.lang.AssertionError" message="expected [Incorrect email or password.] but found [correct email or password.]">
      <![CDATA[java.lang.AssertionError: expected [Incorrect email or password.] but found [correct email or password.]
at selenium.SeleniumFrameworkDesign.ErrorValidationsTest.LoginErrorValidation(ErrorValidationsTest.java:21)
at java.base/java.util.ArrayList.forEach(ArrayList.java:1596)
... Removed 36 stack frames]]>
    </failure>
  </testcase> <!-- LoginErrorValidation -->
  <testcase classname="selenium.SeleniumFrameworkDesign.ErrorValidationsTest" name="ProductErrorValidation" time="9.249"/>
  <testcase classname="selenium.SeleniumFrameworkDesign.SubmitOrderTest" name="submitOrder" time="10.198"/>
  <testcase classname="selenium.SeleniumFrameworkDesign.SubmitOrderTest" name="submitOrder" time="10.522"/>
  <testcase classname="selenium.SeleniumFrameworkDesign.SubmitOrderTest" name="OrderHistoryTest" time="0.658"/>
</testsuite> <!-- Surefire test -->
